# JRE version: OpenJDK Runtime Environment (8.0_152-b06) (build 1.8.0_152-release-1136-b06)
# Java VM: OpenJDK 64-Bit Server VM (25.152-b06 mixed mode windows-amd64 compressed oops)
Heap:
 PSYoungGen      total 174592K, used 159928K [0x00000000e0000000, 0x00000000ed200000, 0x0000000100000000)
  eden space 143360K, 93% used [0x00000000e0000000,0x00000000e823c058,0x00000000e8c00000)
  from space 31232K, 85% used [0x00000000ead80000,0x00000000ec7722a0,0x00000000ecc00000)
  to   space 34304K, 0% used [0x00000000e8c00000,0x00000000e8c00000,0x00000000ead80000)
 ParOldGen       total 96768K, used 39633K [0x00000000a0000000, 0x00000000a5e80000, 0x00000000e0000000)
  object space 96768K, 40% used [0x00000000a0000000,0x00000000a26b4588,0x00000000a5e80000)
 Metaspace       used 85443K, capacity 89390K, committed 89600K, reserved 1126400K
  class space    used 11209K, capacity 12023K, committed 12032K, reserved 1048576K
GC Heap History (10 events):
Event: 28.838 GC heap before
{Heap before GC invocations=19 (full 3):
 PSYoungGen      total 112128K, used 94208K [0x00000000e0000000, 0x00000000ea500000, 0x0000000100000000)
  eden space 94208K, 100% used [0x00000000e0000000,0x00000000e5c00000,0x00000000e5c00000)
  from space 17920K, 0% used [0x00000000e5c00000,0x00000000e5c00000,0x00000000e6d80000)
  to   space 22528K, 0% used [0x00000000e8f00000,0x00000000e8f00000,0x00000000ea500000)
 ParOldGen       total 96768K, used 37057K [0x00000000a0000000, 0x00000000a5e80000, 0x00000000e0000000)
  object space 96768K, 38% used [0x00000000a0000000,0x00000000a2430628,0x00000000a5e80000)
 Metaspace       used 61063K, capacity 62984K, committed 63104K, reserved 1103872K
  class space    used 8313K, capacity 8794K, committed 8832K, reserved 1048576K
Event: 28.847 GC heap after
Heap after GC invocations=19 (full 3):
 PSYoungGen      total 129024K, used 11701K [0x00000000e0000000, 0x00000000e9c00000, 0x0000000100000000)
  eden space 115712K, 0% used [0x00000000e0000000,0x00000000e0000000,0x00000000e7100000)
  from space 13312K, 87% used [0x00000000e8f00000,0x00000000e9a6d528,0x00000000e9c00000)
  to   space 22016K, 0% used [0x00000000e7100000,0x00000000e7100000,0x00000000e8680000)
 ParOldGen       total 96768K, used 37065K [0x00000000a0000000, 0x00000000a5e80000, 0x00000000e0000000)
  object space 96768K, 38% used [0x00000000a0000000,0x00000000a2432628,0x00000000a5e80000)
 Metaspace       used 61063K, capacity 62984K, committed 63104K, reserved 1103872K
  class space    used 8313K, capacity 8794K, committed 8832K, reserved 1048576K
}
Event: 38.131 GC heap before
{Heap before GC invocations=20 (full 3):
 PSYoungGen      total 129024K, used 127413K [0x00000000e0000000, 0x00000000e9c00000, 0x0000000100000000)
  eden space 115712K, 100% used [0x00000000e0000000,0x00000000e7100000,0x00000000e7100000)
  from space 13312K, 87% used [0x00000000e8f00000,0x00000000e9a6d528,0x00000000e9c00000)
  to   space 22016K, 0% used [0x00000000e7100000,0x00000000e7100000,0x00000000e8680000)
 ParOldGen       total 96768K, used 37065K [0x00000000a0000000, 0x00000000a5e80000, 0x00000000e0000000)
  object space 96768K, 38% used [0x00000000a0000000,0x00000000a2432628,0x00000000a5e80000)
 Metaspace       used 67015K, capacity 68990K, committed 69248K, reserved 1110016K
  class space    used 9037K, capacity 9547K, committed 9600K, reserved 1048576K
Event: 38.147 GC heap after
Heap after GC invocations=20 (full 3):
 PSYoungGen      total 137728K, used 18157K [0x00000000e0000000, 0x00000000eaf00000, 0x0000000100000000)
  eden space 115712K, 0% used [0x00000000e0000000,0x00000000e0000000,0x00000000e7100000)
  from space 22016K, 82% used [0x00000000e7100000,0x00000000e82bb548,0x00000000e8680000)
  to   space 24064K, 0% used [0x00000000e9780000,0x00000000e9780000,0x00000000eaf00000)
 ParOldGen       total 96768K, used 37073K [0x00000000a0000000, 0x00000000a5e80000, 0x00000000e0000000)
  object space 96768K, 38% used [0x00000000a0000000,0x00000000a2434628,0x00000000a5e80000)
 Metaspace       used 67015K, capacity 68990K, committed 69248K, reserved 1110016K
  class space    used 9037K, capacity 9547K, committed 9600K, reserved 1048576K
}
Event: 39.978 GC heap before
{Heap before GC invocations=21 (full 3):
 PSYoungGen      total 137728K, used 133425K [0x00000000e0000000, 0x00000000eaf00000, 0x0000000100000000)
  eden space 115712K, 99% used [0x00000000e0000000,0x00000000e7091090,0x00000000e7100000)
  from space 22016K, 82% used [0x00000000e7100000,0x00000000e82bb548,0x00000000e8680000)
  to   space 24064K, 0% used [0x00000000e9780000,0x00000000e9780000,0x00000000eaf00000)
 ParOldGen       total 96768K, used 37073K [0x00000000a0000000, 0x00000000a5e80000, 0x00000000e0000000)
  object space 96768K, 38% used [0x00000000a0000000,0x00000000a2434628,0x00000000a5e80000)
 Metaspace       used 69722K, capacity 71920K, committed 72192K, reserved 1112064K
  class space    used 9310K, capacity 9864K, committed 9984K, reserved 1048576K
Event: 39.992 GC heap after
Heap after GC invocations=21 (full 3):
 PSYoungGen      total 152576K, used 21354K [0x00000000e0000000, 0x00000000eb500000, 0x0000000100000000)
  eden space 128512K, 0% used [0x00000000e0000000,0x00000000e0000000,0x00000000e7d80000)
  from space 24064K, 88% used [0x00000000e9780000,0x00000000eac5aa58,0x00000000eaf00000)
  to   space 26624K, 0% used [0x00000000e7d80000,0x00000000e7d80000,0x00000000e9780000)
 ParOldGen       total 96768K, used 37081K [0x00000000a0000000, 0x00000000a5e80000, 0x00000000e0000000)
  object space 96768K, 38% used [0x00000000a0000000,0x00000000a2436628,0x00000000a5e80000)
 Metaspace       used 69722K, capacity 71920K, committed 72192K, reserved 1112064K
  class space    used 9310K, capacity 9864K, committed 9984K, reserved 1048576K
}
Event: 43.645 GC heap before
{Heap before GC invocations=22 (full 3):
 PSYoungGen      total 152576K, used 149866K [0x00000000e0000000, 0x00000000eb500000, 0x0000000100000000)
  eden space 128512K, 100% used [0x00000000e0000000,0x00000000e7d80000,0x00000000e7d80000)
  from space 24064K, 88% used [0x00000000e9780000,0x00000000eac5aa58,0x00000000eaf00000)
  to   space 26624K, 0% used [0x00000000e7d80000,0x00000000e7d80000,0x00000000e9780000)
 ParOldGen       total 96768K, used 37081K [0x00000000a0000000, 0x00000000a5e80000, 0x00000000e0000000)
  object space 96768K, 38% used [0x00000000a0000000,0x00000000a2436628,0x00000000a5e80000)
 Metaspace       used 79248K, capacity 82754K, committed 83072K, reserved 1120256K
  class space    used 10556K, capacity 11273K, committed 11392K, reserved 1048576K
Event: 43.667 GC heap after
Heap after GC invocations=22 (full 3):
 PSYoungGen      total 155136K, used 26620K [0x00000000e0000000, 0x00000000ecc00000, 0x0000000100000000)
  eden space 128512K, 0% used [0x00000000e0000000,0x00000000e0000000,0x00000000e7d80000)
  from space 26624K, 99% used [0x00000000e7d80000,0x00000000e977f0d0,0x00000000e9780000)
  to   space 31232K, 0% used [0x00000000ead80000,0x00000000ead80000,0x00000000ecc00000)
 ParOldGen       total 96768K, used 39625K [0x00000000a0000000, 0x00000000a5e80000, 0x00000000e0000000)
  object space 96768K, 40% used [0x00000000a0000000,0x00000000a26b2588,0x00000000a5e80000)
 Metaspace       used 79248K, capacity 82754K, committed 83072K, reserved 1120256K
  class space    used 10556K, capacity 11273K, committed 11392K, reserved 1048576K
}
Event: 46.295 GC heap before
{Heap before GC invocations=23 (full 3):
 PSYoungGen      total 155136K, used 154972K [0x00000000e0000000, 0x00000000ecc00000, 0x0000000100000000)
  eden space 128512K, 99% used [0x00000000e0000000,0x00000000e7d58100,0x00000000e7d80000)
  from space 26624K, 99% used [0x00000000e7d80000,0x00000000e977f0d0,0x00000000e9780000)
  to   space 31232K, 0% used [0x00000000ead80000,0x00000000ead80000,0x00000000ecc00000)
 ParOldGen       total 96768K, used 39625K [0x00000000a0000000, 0x00000000a5e80000, 0x00000000e0000000)
  object space 96768K, 40% used [0x00000000a0000000,0x00000000a26b2588,0x00000000a5e80000)
 Metaspace       used 81185K, capacity 84854K, committed 85120K, reserved 1122304K
  class space    used 10815K, capacity 11597K, committed 11648K, reserved 1048576K
Event: 46.313 GC heap after
Heap after GC invocations=23 (full 3):
 PSYoungGen      total 174592K, used 26568K [0x00000000e0000000, 0x00000000ed200000, 0x0000000100000000)
  eden space 143360K, 0% used [0x00000000e0000000,0x00000000e0000000,0x00000000e8c00000)
  from space 31232K, 85% used [0x00000000ead80000,0x00000000ec7722a0,0x00000000ecc00000)
  to   space 34304K, 0% used [0x00000000e8c00000,0x00000000e8c00000,0x00000000ead80000)
 ParOldGen       total 96768K, used 39633K [0x00000000a0000000, 0x00000000a5e80000, 0x00000000e0000000)
  object space 96768K, 40% used [0x00000000a0000000,0x00000000a26b4588,0x00000000a5e80000)
 Metaspace       used 81185K, capacity 84854K, committed 85120K, reserved 1122304K
  class space    used 10815K, capacity 11597K, committed 11648K, reserved 1048576K
}

